<?xml version="1.0" encoding="UTF-8"?>
<!-- Generated by org.testng.reporters.JUnitReportReporter -->
<testsuite hostname="DESKTOP-QAMDQO9" failures="0" tests="1" name="unitTest.PutTest" time="2.129" errors="0" timestamp="2023-03-20T22:07:22 EDT" skipped="0">
  <testcase classname="unitTest.PutTest" name="putTest" time="2.129"/>
  <system-out/>
</testsuite> <!-- unitTest.PutTest -->
