<?xml version="1.0" encoding="UTF-8"?>
<!-- Generated by org.testng.reporters.JUnitReportReporter -->
<testsuite hostname="DESKTOP-QAMDQO9" failures="0" tests="1" name="misc.Misc" time="0.049" errors="0" timestamp="2023-03-24T00:39:14 EDT" skipped="0">
  <testcase classname="misc.Misc" name="base64Convertion" time="0.049"/>
  <system-out/>
</testsuite> <!-- misc.Misc -->
