<?xml version="1.0" encoding="UTF-8"?>
<!-- Generated by org.testng.reporters.JUnitReportReporter -->
<testsuite hostname="DESKTOP-QAMDQO9" failures="0" tests="1" name="unitTest.DeleteTest" time="2.317" errors="0" timestamp="2023-03-20T23:08:13 EDT" skipped="0">
  <testcase classname="unitTest.DeleteTest" name="deleteTest" time="2.317"/>
  <system-out/>
</testsuite> <!-- unitTest.DeleteTest -->
