<?xml version="1.0" encoding="UTF-8"?>
<!-- Generated by org.testng.reporters.JUnitReportReporter -->
<testsuite hostname="DESKTOP-QAMDQO9" failures="0" tests="1" name="functionalTests.GetUsersTest" time="2.419" errors="0" timestamp="2023-03-23T22:24:58 EDT" skipped="0">
  <testcase classname="functionalTests.GetUsersTest" name="getPlayersValidation" time="2.419"/>
  <system-out/>
</testsuite> <!-- functionalTests.GetUsersTest -->
