<?xml version="1.0" encoding="UTF-8"?>
<!-- Generated by org.testng.reporters.JUnitReportReporter -->
<testsuite hostname="DESKTOP-QAMDQO9" failures="0" tests="6" name="unitTest.UsersTest" time="3.277" errors="0" timestamp="2023-03-19T01:41:18 EDT" skipped="5">
  <testcase classname="unitTest.UsersTest" name="getUserResponseValidation" time="3.277"/>
  <system-out/>
  <testcase classname="unitTest.UsersTest" name="getUsersVar">
    <skipped/>
  </testcase> <!-- getUsersVar -->
  <system-out/>
  <testcase classname="unitTest.UsersTest" name="getUsersResponseCodeValidationNegativeTest404">
    <skipped/>
  </testcase> <!-- getUsersResponseCodeValidationNegativeTest404 -->
  <system-out/>
  <testcase classname="unitTest.UsersTest" name="getUsersPretty">
    <skipped/>
  </testcase> <!-- getUsersPretty -->
  <system-out/>
  <testcase classname="unitTest.UsersTest" name="getUsersLogs">
    <skipped/>
  </testcase> <!-- getUsersLogs -->
  <system-out/>
  <testcase classname="unitTest.UsersTest" name="getUsersResponseCodeValidation">
    <skipped/>
  </testcase> <!-- getUsersResponseCodeValidation -->
  <system-out/>
</testsuite> <!-- unitTest.UsersTest -->
