<?xml version="1.0" encoding="UTF-8"?>
<!-- Generated by org.testng.reporters.JUnitReportReporter -->
<testsuite hostname="DESKTOP-QAMDQO9" failures="0" tests="3" name="functionalTests.GetAgesTest" time="2.478" errors="0" timestamp="2023-03-23T22:18:55 EDT" skipped="2">
  <testcase classname="functionalTests.GetAgesTest" name="getAges" time="2.478"/>
  <system-out/>
  <testcase classname="functionalTests.GetAgesTest" name="getAgeById">
    <skipped/>
  </testcase> <!-- getAgeById -->
  <system-out/>
  <testcase classname="functionalTests.GetAgesTest" name="responValidation">
    <skipped/>
  </testcase> <!-- responValidation -->
  <system-out/>
</testsuite> <!-- functionalTests.GetAgesTest -->
