<?xml version="1.0" encoding="UTF-8"?>
<!-- Generated by org.testng.reporters.JUnitReportReporter -->
<testsuite hostname="DESKTOP-QAMDQO9" failures="0" tests="1" name="functionalTests.PostAgesTest" time="3.879" errors="0" timestamp="2023-03-23T22:54:30 EDT" skipped="0">
  <testcase classname="functionalTests.PostAgesTest" name="postAAge" time="3.879"/>
  <system-out/>
</testsuite> <!-- functionalTests.PostAgesTest -->
